<?xml version="1.0" encoding="UTF-8"?>
<!-- Generated by org.testng.reporters.JUnitReportReporter -->
<testsuite hostname="DESKTOP-7FTL27E" failures="0" tests="3" name="Tests.SubmitOrder" time="51.708" errors="0" timestamp="2025-02-27T10:22:06 IST" skipped="0">
  <testcase classname="Tests.SubmitOrder" name="submitOrder" time="19.677"/>
  <testcase classname="Tests.SubmitOrder" name="submitOrder" time="26.810"/>
  <testcase classname="Tests.SubmitOrder" name="OrdersHistoryTest" time="5.221"/>
</testsuite> <!-- Tests.SubmitOrder -->
