<?xml version="1.0" encoding="UTF-8"?>
<!-- Generated by org.testng.reporters.JUnitReportReporter -->
<testsuite hostname="DESKTOP-7FTL27E" failures="0" tests="2" name="Tests.ErrorValidation_login" time="35.087" errors="0" timestamp="2025-02-28T14:36:17 IST" skipped="0">
  <testcase classname="Tests.ErrorValidation_login" name="ProductpageErrorValidation" time="26.622"/>
  <testcase classname="Tests.ErrorValidation_login" name="ErrorValidation_login" time="8.465"/>
</testsuite> <!-- Tests.ErrorValidation_login -->
