<?xml version="1.0" encoding="UTF-8"?>
<!-- Generated by org.testng.reporters.JUnitReportReporter -->
<testsuite hostname="DESKTOP-7FTL27E" failures="0" tests="3" name="Tests.SubmitOrder" time="50.519" errors="0" timestamp="2025-02-28T14:36:17 IST" skipped="0">
  <testcase classname="Tests.SubmitOrder" name="OrdersHistoryTest" time="5.517"/>
  <testcase classname="Tests.SubmitOrder" name="submitOrder" time="22.552"/>
  <testcase classname="Tests.SubmitOrder" name="submitOrder" time="22.450"/>
</testsuite> <!-- Tests.SubmitOrder -->
