<?xml version="1.0" encoding="UTF-8"?>
<!-- Generated by org.testng.reporters.JUnitReportReporter -->
<testsuite hostname="DESKTOP-7FTL27E" failures="0" tests="1" name="test.ex1" time="0.008" errors="0" timestamp="2025-01-29T15:32:54 IST" skipped="0">
  <testcase classname="test.ex1" name="Demo" time="0.008"/>
</testsuite> <!-- test.ex1 -->
