<?xml version="1.0" encoding="UTF-8"?>
<!-- Generated by org.testng.reporters.JUnitReportReporter -->
<testsuite hostname="DESKTOP-7FTL27E" failures="0" tests="2" name="test.ex3" time="0.005" errors="0" timestamp="2025-01-29T15:33:10 IST" skipped="0">
  <testcase classname="test.ex3" name="WebLogincar" time="0.002"/>
  <testcase classname="test.ex3" name="MobileLogincar" time="0.003"/>
</testsuite> <!-- test.ex3 -->
