<?xml version="1.0" encoding="UTF-8"?>
<!-- Generated by org.testng.reporters.JUnitReportReporter -->
<testsuite hostname="DESKTOP-7FTL27E" failures="0" tests="3" name="test.ex4" time="0.028" errors="0" timestamp="2025-02-08T06:50:45 IST" skipped="0">
  <testcase classname="test.ex4" name="apiLoginhome" time="0.004"/>
  <testcase classname="test.ex4" name="MobileLoginhome" time="0.019"/>
  <testcase classname="test.ex4" name="WebLoginhome" time="0.005"/>
</testsuite> <!-- test.ex4 -->
